[32m2023-09-07 14:22:47.245[0m | [1mINFO    [0m | [36m__main__[0m:[36mrun[0m:[36m181[0m - [1m[Task start]>> ...[0m
[32m2023-09-07 14:22:47.248[0m | [32m[1mSUCCESS [0m | [36m__main__[0m:[36mprocess[0m:[36m215[0m - [32m[1mhttps://cn.element14.com/texas-instruments/ads7924irter/adc-octal-sar-12bit-100ksps-wqfn/dp/2782707RL?st=ads7924irter[0m
[32m2023-09-07 14:22:47.355[0m | [32m[1mSUCCESS [0m | [36m__main__[0m:[36mprocess[0m:[36m215[0m - [32m[1mhttps://cn.element14.com/phoenix-contact/3006043/terminal-block-din-rail-2pos/dp/3042960[0m
[32m2023-09-07 14:22:47.464[0m | [32m[1mSUCCESS [0m | [36m__main__[0m:[36mprocess[0m:[36m215[0m - [32m[1mhttps://cn.element14.com/power-integrations/lnk3604p/off-line-switcher-ic-flyback-dip/dp/2951378[0m
[32m2023-09-07 14:22:47.558[0m | [32m[1mSUCCESS [0m | [36m__main__[0m:[36mprocess[0m:[36m215[0m - [32m[1mhttps://cn.element14.com/stmicroelectronics/stth1602ct/diode-ultrafast-2x8a/dp/9935878[0m
[32m2023-09-07 14:22:47.667[0m | [32m[1mSUCCESS [0m | [36m__main__[0m:[36mprocess[0m:[36m215[0m - [32m[1mhttps://cn.element14.com/onsemi/es2d/diode-fast-2a-200v-smd-do-214/dp/1467491[0m
[32m2023-09-07 14:22:47.762[0m | [32m[1mSUCCESS [0m | [36m__main__[0m:[36mprocess[0m:[36m215[0m - [32m[1mhttps://cn.element14.com/texas-instruments/ads7924irter/adc-octal-sar-12bit-100ksps-wqfn/dp/2782707RL?st=ads7924irter[0m
[32m2023-09-07 14:22:47.875[0m | [32m[1mSUCCESS [0m | [36m__main__[0m:[36mprocess[0m:[36m215[0m - [32m[1mhttps://cn.element14.com/phoenix-contact/3006043/terminal-block-din-rail-2pos/dp/3042960[0m
[32m2023-09-07 14:22:47.984[0m | [32m[1mSUCCESS [0m | [36m__main__[0m:[36mprocess[0m:[36m215[0m - [32m[1mhttps://cn.element14.com/power-integrations/lnk3604p/off-line-switcher-ic-flyback-dip/dp/2951378[0m
[32m2023-09-07 14:22:48.092[0m | [32m[1mSUCCESS [0m | [36m__main__[0m:[36mprocess[0m:[36m215[0m - [32m[1mhttps://cn.element14.com/stmicroelectronics/stth1602ct/diode-ultrafast-2x8a/dp/9935878[0m
[32m2023-09-07 14:22:48.202[0m | [32m[1mSUCCESS [0m | [36m__main__[0m:[36mprocess[0m:[36m215[0m - [32m[1mhttps://cn.element14.com/onsemi/es2d/diode-fast-2a-200v-smd-do-214/dp/1467491[0m
[32m2023-09-07 14:22:48.326[0m | [32m[1mSUCCESS [0m | [36m__main__[0m:[36mprocess[0m:[36m215[0m - [32m[1mhttps://cn.element14.com/texas-instruments/ads7924irter/adc-octal-sar-12bit-100ksps-wqfn/dp/2782707RL?st=ads7924irter[0m
[32m2023-09-07 14:22:48.406[0m | [32m[1mSUCCESS [0m | [36m__main__[0m:[36mprocess[0m:[36m215[0m - [32m[1mhttps://cn.element14.com/phoenix-contact/3006043/terminal-block-din-rail-2pos/dp/3042960[0m
[32m2023-09-07 14:22:48.513[0m | [32m[1mSUCCESS [0m | [36m__main__[0m:[36mprocess[0m:[36m215[0m - [32m[1mhttps://cn.element14.com/power-integrations/lnk3604p/off-line-switcher-ic-flyback-dip/dp/2951378[0m
[32m2023-09-07 14:22:48.608[0m | [32m[1mSUCCESS [0m | [36m__main__[0m:[36mprocess[0m:[36m215[0m - [32m[1mhttps://cn.element14.com/stmicroelectronics/stth1602ct/diode-ultrafast-2x8a/dp/9935878[0m
[32m2023-09-07 14:22:48.702[0m | [32m[1mSUCCESS [0m | [36m__main__[0m:[36mprocess[0m:[36m215[0m - [32m[1mhttps://cn.element14.com/onsemi/es2d/diode-fast-2a-200v-smd-do-214/dp/1467491[0m
[32m2023-09-07 14:22:48.811[0m | [32m[1mSUCCESS [0m | [36m__main__[0m:[36mprocess[0m:[36m215[0m - [32m[1mhttps://cn.element14.com/texas-instruments/ads7924irter/adc-octal-sar-12bit-100ksps-wqfn/dp/2782707RL?st=ads7924irter[0m
[32m2023-09-07 14:22:48.920[0m | [32m[1mSUCCESS [0m | [36m__main__[0m:[36mprocess[0m:[36m215[0m - [32m[1mhttps://cn.element14.com/phoenix-contact/3006043/terminal-block-din-rail-2pos/dp/3042960[0m
[32m2023-09-07 14:22:49.028[0m | [32m[1mSUCCESS [0m | [36m__main__[0m:[36mprocess[0m:[36m215[0m - [32m[1mhttps://cn.element14.com/power-integrations/lnk3604p/off-line-switcher-ic-flyback-dip/dp/2951378[0m
[32m2023-09-07 14:22:49.137[0m | [32m[1mSUCCESS [0m | [36m__main__[0m:[36mprocess[0m:[36m215[0m - [32m[1mhttps://cn.element14.com/stmicroelectronics/stth1602ct/diode-ultrafast-2x8a/dp/9935878[0m
[32m2023-09-07 14:22:49.232[0m | [32m[1mSUCCESS [0m | [36m__main__[0m:[36mprocess[0m:[36m215[0m - [32m[1mhttps://cn.element14.com/onsemi/es2d/diode-fast-2a-200v-smd-do-214/dp/1467491[0m
[32m2023-09-07 14:22:49.325[0m | [32m[1mSUCCESS [0m | [36m__main__[0m:[36mprocess[0m:[36m215[0m - [32m[1mhttps://cn.element14.com/texas-instruments/ads7924irter/adc-octal-sar-12bit-100ksps-wqfn/dp/2782707RL?st=ads7924irter[0m
[32m2023-09-07 14:22:49.434[0m | [32m[1mSUCCESS [0m | [36m__main__[0m:[36mprocess[0m:[36m215[0m - [32m[1mhttps://cn.element14.com/phoenix-contact/3006043/terminal-block-din-rail-2pos/dp/3042960[0m
[32m2023-09-07 14:22:49.527[0m | [32m[1mSUCCESS [0m | [36m__main__[0m:[36mprocess[0m:[36m215[0m - [32m[1mhttps://cn.element14.com/power-integrations/lnk3604p/off-line-switcher-ic-flyback-dip/dp/2951378[0m
[32m2023-09-07 14:22:49.639[0m | [32m[1mSUCCESS [0m | [36m__main__[0m:[36mprocess[0m:[36m215[0m - [32m[1mhttps://cn.element14.com/stmicroelectronics/stth1602ct/diode-ultrafast-2x8a/dp/9935878[0m
[32m2023-09-07 14:22:49.750[0m | [32m[1mSUCCESS [0m | [36m__main__[0m:[36mprocess[0m:[36m215[0m - [32m[1mhttps://cn.element14.com/onsemi/es2d/diode-fast-2a-200v-smd-do-214/dp/1467491[0m
[32m2023-09-07 14:22:49.846[0m | [32m[1mSUCCESS [0m | [36m__main__[0m:[36mprocess[0m:[36m215[0m - [32m[1mhttps://cn.element14.com/texas-instruments/ads7924irter/adc-octal-sar-12bit-100ksps-wqfn/dp/2782707RL?st=ads7924irter[0m
[32m2023-09-07 14:24:27.875[0m | [1mINFO    [0m | [36m__main__[0m:[36mrun[0m:[36m181[0m - [1m[Task start]>> ...[0m
[32m2023-09-07 14:24:27.878[0m | [32m[1mSUCCESS [0m | [36m__main__[0m:[36mprocess[0m:[36m215[0m - [32m[1mhttps://cn.element14.com/texas-instruments/ads7924irter/adc-octal-sar-12bit-100ksps-wqfn/dp/2782707RL?st=ads7924irter[0m
[32m2023-09-07 14:24:27.992[0m | [32m[1mSUCCESS [0m | [36m__main__[0m:[36mprocess[0m:[36m215[0m - [32m[1mhttps://cn.element14.com/phoenix-contact/3006043/terminal-block-din-rail-2pos/dp/3042960[0m
[32m2023-09-07 14:24:28.087[0m | [32m[1mSUCCESS [0m | [36m__main__[0m:[36mprocess[0m:[36m215[0m - [32m[1mhttps://cn.element14.com/power-integrations/lnk3604p/off-line-switcher-ic-flyback-dip/dp/2951378[0m
[32m2023-09-07 14:24:28.197[0m | [32m[1mSUCCESS [0m | [36m__main__[0m:[36mprocess[0m:[36m215[0m - [32m[1mhttps://cn.element14.com/stmicroelectronics/stth1602ct/diode-ultrafast-2x8a/dp/9935878[0m
[32m2023-09-07 14:24:28.291[0m | [32m[1mSUCCESS [0m | [36m__main__[0m:[36mprocess[0m:[36m215[0m - [32m[1mhttps://cn.element14.com/onsemi/es2d/diode-fast-2a-200v-smd-do-214/dp/1467491[0m
[32m2023-09-07 14:24:28.400[0m | [32m[1mSUCCESS [0m | [36m__main__[0m:[36mprocess[0m:[36m215[0m - [32m[1mhttps://cn.element14.com/texas-instruments/ads7924irter/adc-octal-sar-12bit-100ksps-wqfn/dp/2782707RL?st=ads7924irter[0m
[32m2023-09-07 14:24:28.496[0m | [32m[1mSUCCESS [0m | [36m__main__[0m:[36mprocess[0m:[36m215[0m - [32m[1mhttps://cn.element14.com/phoenix-contact/3006043/terminal-block-din-rail-2pos/dp/3042960[0m
[32m2023-09-07 14:24:28.605[0m | [32m[1mSUCCESS [0m | [36m__main__[0m:[36mprocess[0m:[36m215[0m - [32m[1mhttps://cn.element14.com/power-integrations/lnk3604p/off-line-switcher-ic-flyback-dip/dp/2951378[0m
[32m2023-09-07 14:24:28.701[0m | [32m[1mSUCCESS [0m | [36m__main__[0m:[36mprocess[0m:[36m215[0m - [32m[1mhttps://cn.element14.com/stmicroelectronics/stth1602ct/diode-ultrafast-2x8a/dp/9935878[0m
[32m2023-09-07 14:24:28.797[0m | [32m[1mSUCCESS [0m | [36m__main__[0m:[36mprocess[0m:[36m215[0m - [32m[1mhttps://cn.element14.com/onsemi/es2d/diode-fast-2a-200v-smd-do-214/dp/1467491[0m
[32m2023-09-07 14:24:28.910[0m | [32m[1mSUCCESS [0m | [36m__main__[0m:[36mprocess[0m:[36m215[0m - [32m[1mhttps://cn.element14.com/texas-instruments/ads7924irter/adc-octal-sar-12bit-100ksps-wqfn/dp/2782707RL?st=ads7924irter[0m
[32m2023-09-07 14:24:29.004[0m | [32m[1mSUCCESS [0m | [36m__main__[0m:[36mprocess[0m:[36m215[0m - [32m[1mhttps://cn.element14.com/phoenix-contact/3006043/terminal-block-din-rail-2pos/dp/3042960[0m
[32m2023-09-07 14:24:29.115[0m | [32m[1mSUCCESS [0m | [36m__main__[0m:[36mprocess[0m:[36m215[0m - [32m[1mhttps://cn.element14.com/power-integrations/lnk3604p/off-line-switcher-ic-flyback-dip/dp/2951378[0m
[32m2023-09-07 14:32:17.089[0m | [1mINFO    [0m | [36m__main__[0m:[36mrun[0m:[36m181[0m - [1m[Task start]>> ...[0m
[32m2023-09-07 14:32:17.093[0m | [32m[1mSUCCESS [0m | [36m__main__[0m:[36mprocess[0m:[36m215[0m - [32m[1mhttps://cn.element14.com/texas-instruments/ads7924irter/adc-octal-sar-12bit-100ksps-wqfn/dp/2782707RL?st=ads7924irter[0m
[32m2023-09-07 14:32:17.202[0m | [32m[1mSUCCESS [0m | [36m__main__[0m:[36mprocess[0m:[36m215[0m - [32m[1mhttps://cn.element14.com/phoenix-contact/3006043/terminal-block-din-rail-2pos/dp/3042960[0m
[32m2023-09-07 14:32:17.296[0m | [32m[1mSUCCESS [0m | [36m__main__[0m:[36mprocess[0m:[36m215[0m - [32m[1mhttps://cn.element14.com/power-integrations/lnk3604p/off-line-switcher-ic-flyback-dip/dp/2951378[0m
[32m2023-09-07 14:32:17.405[0m | [32m[1mSUCCESS [0m | [36m__main__[0m:[36mprocess[0m:[36m215[0m - [32m[1mhttps://cn.element14.com/stmicroelectronics/stth1602ct/diode-ultrafast-2x8a/dp/9935878[0m
[32m2023-09-07 14:32:17.502[0m | [32m[1mSUCCESS [0m | [36m__main__[0m:[36mprocess[0m:[36m215[0m - [32m[1mhttps://cn.element14.com/onsemi/es2d/diode-fast-2a-200v-smd-do-214/dp/1467491[0m
[32m2023-09-07 14:32:17.610[0m | [32m[1mSUCCESS [0m | [36m__main__[0m:[36mprocess[0m:[36m215[0m - [32m[1mhttps://cn.element14.com/texas-instruments/ads7924irter/adc-octal-sar-12bit-100ksps-wqfn/dp/2782707RL?st=ads7924irter[0m
[32m2023-09-07 14:32:17.705[0m | [32m[1mSUCCESS [0m | [36m__main__[0m:[36mprocess[0m:[36m215[0m - [32m[1mhttps://cn.element14.com/phoenix-contact/3006043/terminal-block-din-rail-2pos/dp/3042960[0m
[32m2023-09-07 14:32:17.817[0m | [32m[1mSUCCESS [0m | [36m__main__[0m:[36mprocess[0m:[36m215[0m - [32m[1mhttps://cn.element14.com/power-integrations/lnk3604p/off-line-switcher-ic-flyback-dip/dp/2951378[0m
[32m2023-09-07 14:32:17.912[0m | [32m[1mSUCCESS [0m | [36m__main__[0m:[36mprocess[0m:[36m215[0m - [32m[1mhttps://cn.element14.com/stmicroelectronics/stth1602ct/diode-ultrafast-2x8a/dp/9935878[0m
[32m2023-09-07 14:32:18.023[0m | [32m[1mSUCCESS [0m | [36m__main__[0m:[36mprocess[0m:[36m215[0m - [32m[1mhttps://cn.element14.com/onsemi/es2d/diode-fast-2a-200v-smd-do-214/dp/1467491[0m
[32m2023-09-07 14:32:18.120[0m | [32m[1mSUCCESS [0m | [36m__main__[0m:[36mprocess[0m:[36m215[0m - [32m[1mhttps://cn.element14.com/texas-instruments/ads7924irter/adc-octal-sar-12bit-100ksps-wqfn/dp/2782707RL?st=ads7924irter[0m
[32m2023-09-07 14:32:18.231[0m | [32m[1mSUCCESS [0m | [36m__main__[0m:[36mprocess[0m:[36m215[0m - [32m[1mhttps://cn.element14.com/phoenix-contact/3006043/terminal-block-din-rail-2pos/dp/3042960[0m
[32m2023-09-07 14:32:18.326[0m | [32m[1mSUCCESS [0m | [36m__main__[0m:[36mprocess[0m:[36m215[0m - [32m[1mhttps://cn.element14.com/power-integrations/lnk3604p/off-line-switcher-ic-flyback-dip/dp/2951378[0m
[32m2023-09-07 14:32:18.451[0m | [32m[1mSUCCESS [0m | [36m__main__[0m:[36mprocess[0m:[36m215[0m - [32m[1mhttps://cn.element14.com/stmicroelectronics/stth1602ct/diode-ultrafast-2x8a/dp/9935878[0m
[32m2023-09-07 14:32:18.545[0m | [32m[1mSUCCESS [0m | [36m__main__[0m:[36mprocess[0m:[36m215[0m - [32m[1mhttps://cn.element14.com/onsemi/es2d/diode-fast-2a-200v-smd-do-214/dp/1467491[0m
[32m2023-09-07 14:32:18.641[0m | [32m[1mSUCCESS [0m | [36m__main__[0m:[36mprocess[0m:[36m215[0m - [32m[1mhttps://cn.element14.com/texas-instruments/ads7924irter/adc-octal-sar-12bit-100ksps-wqfn/dp/2782707RL?st=ads7924irter[0m
[32m2023-09-07 15:14:40.797[0m | [1mINFO    [0m | [36m__main__[0m:[36mrun[0m:[36m196[0m - [1m[Task start]>> ...[0m
[32m2023-09-07 15:14:40.800[0m | [32m[1mSUCCESS [0m | [36m__main__[0m:[36mprocess[0m:[36m230[0m - [32m[1mhttps://cn.element14.com/texas-instruments/ads7924irter/adc-octal-sar-12bit-100ksps-wqfn/dp/2782707RL?st=ads7924irter[0m
[32m2023-09-07 15:14:40.913[0m | [32m[1mSUCCESS [0m | [36m__main__[0m:[36mprocess[0m:[36m230[0m - [32m[1mhttps://cn.element14.com/phoenix-contact/3006043/terminal-block-din-rail-2pos/dp/3042960[0m
[32m2023-09-07 15:14:41.006[0m | [32m[1mSUCCESS [0m | [36m__main__[0m:[36mprocess[0m:[36m230[0m - [32m[1mhttps://cn.element14.com/power-integrations/lnk3604p/off-line-switcher-ic-flyback-dip/dp/2951378[0m
[32m2023-09-07 15:14:41.116[0m | [32m[1mSUCCESS [0m | [36m__main__[0m:[36mprocess[0m:[36m230[0m - [32m[1mhttps://cn.element14.com/stmicroelectronics/stth1602ct/diode-ultrafast-2x8a/dp/9935878[0m
[32m2023-09-07 15:14:41.211[0m | [32m[1mSUCCESS [0m | [36m__main__[0m:[36mprocess[0m:[36m230[0m - [32m[1mhttps://cn.element14.com/onsemi/es2d/diode-fast-2a-200v-smd-do-214/dp/1467491[0m
[32m2023-09-07 15:14:41.322[0m | [32m[1mSUCCESS [0m | [36m__main__[0m:[36mprocess[0m:[36m230[0m - [32m[1mhttps://cn.element14.com/texas-instruments/ads7924irter/adc-octal-sar-12bit-100ksps-wqfn/dp/2782707RL?st=ads7924irter[0m
[32m2023-09-07 15:14:41.418[0m | [32m[1mSUCCESS [0m | [36m__main__[0m:[36mprocess[0m:[36m230[0m - [32m[1mhttps://cn.element14.com/phoenix-contact/3006043/terminal-block-din-rail-2pos/dp/3042960[0m
[32m2023-09-07 15:14:41.528[0m | [32m[1mSUCCESS [0m | [36m__main__[0m:[36mprocess[0m:[36m230[0m - [32m[1mhttps://cn.element14.com/power-integrations/lnk3604p/off-line-switcher-ic-flyback-dip/dp/2951378[0m
[32m2023-09-07 15:14:41.623[0m | [32m[1mSUCCESS [0m | [36m__main__[0m:[36mprocess[0m:[36m230[0m - [32m[1mhttps://cn.element14.com/stmicroelectronics/stth1602ct/diode-ultrafast-2x8a/dp/9935878[0m
[32m2023-09-07 15:14:41.747[0m | [32m[1mSUCCESS [0m | [36m__main__[0m:[36mprocess[0m:[36m230[0m - [32m[1mhttps://cn.element14.com/onsemi/es2d/diode-fast-2a-200v-smd-do-214/dp/1467491[0m
[32m2023-09-07 15:14:41.858[0m | [32m[1mSUCCESS [0m | [36m__main__[0m:[36mprocess[0m:[36m230[0m - [32m[1mhttps://cn.element14.com/texas-instruments/ads7924irter/adc-octal-sar-12bit-100ksps-wqfn/dp/2782707RL?st=ads7924irter[0m
[32m2023-09-07 15:14:41.952[0m | [32m[1mSUCCESS [0m | [36m__main__[0m:[36mprocess[0m:[36m230[0m - [32m[1mhttps://cn.element14.com/phoenix-contact/3006043/terminal-block-din-rail-2pos/dp/3042960[0m
[32m2023-09-07 15:14:42.064[0m | [32m[1mSUCCESS [0m | [36m__main__[0m:[36mprocess[0m:[36m230[0m - [32m[1mhttps://cn.element14.com/power-integrations/lnk3604p/off-line-switcher-ic-flyback-dip/dp/2951378[0m
[32m2023-09-07 15:14:42.159[0m | [32m[1mSUCCESS [0m | [36m__main__[0m:[36mprocess[0m:[36m230[0m - [32m[1mhttps://cn.element14.com/stmicroelectronics/stth1602ct/diode-ultrafast-2x8a/dp/9935878[0m
[32m2023-09-07 15:14:42.269[0m | [32m[1mSUCCESS [0m | [36m__main__[0m:[36mprocess[0m:[36m230[0m - [32m[1mhttps://cn.element14.com/onsemi/es2d/diode-fast-2a-200v-smd-do-214/dp/1467491[0m
[32m2023-09-07 15:14:42.364[0m | [32m[1mSUCCESS [0m | [36m__main__[0m:[36mprocess[0m:[36m230[0m - [32m[1mhttps://cn.element14.com/texas-instruments/ads7924irter/adc-octal-sar-12bit-100ksps-wqfn/dp/2782707RL?st=ads7924irter[0m
[32m2023-09-07 15:28:43.559[0m | [1mINFO    [0m | [36m__main__[0m:[36mrun[0m:[36m197[0m - [1m[Task start]>> ...[0m
[32m2023-09-07 15:28:43.562[0m | [32m[1mSUCCESS [0m | [36m__main__[0m:[36mprocess[0m:[36m242[0m - [32m[1mhttps://cn.element14.com/texas-instruments/ads7924irter/adc-octal-sar-12bit-100ksps-wqfn/dp/2782707RL?st=ads7924irter[0m
[32m2023-09-07 15:28:43.668[0m | [32m[1mSUCCESS [0m | [36m__main__[0m:[36mprocess[0m:[36m242[0m - [32m[1mhttps://cn.element14.com/phoenix-contact/3006043/terminal-block-din-rail-2pos/dp/3042960[0m
[32m2023-09-07 15:28:43.780[0m | [32m[1mSUCCESS [0m | [36m__main__[0m:[36mprocess[0m:[36m242[0m - [32m[1mhttps://cn.element14.com/power-integrations/lnk3604p/off-line-switcher-ic-flyback-dip/dp/2951378[0m
[32m2023-09-07 15:28:43.888[0m | [32m[1mSUCCESS [0m | [36m__main__[0m:[36mprocess[0m:[36m242[0m - [32m[1mhttps://cn.element14.com/stmicroelectronics/stth1602ct/diode-ultrafast-2x8a/dp/9935878[0m
[32m2023-09-07 15:28:44.000[0m | [32m[1mSUCCESS [0m | [36m__main__[0m:[36mprocess[0m:[36m242[0m - [32m[1mhttps://cn.element14.com/onsemi/es2d/diode-fast-2a-200v-smd-do-214/dp/1467491[0m
[32m2023-09-07 15:28:44.205[0m | [1mINFO    [0m | [36m__main__[0m:[36mrun[0m:[36m199[0m - [1m[Task end]>> ...[0m
[32m2023-09-07 15:28:44.210[0m | [1mINFO    [0m | [36m__main__[0m:[36mrun[0m:[36m216[0m - [1mæ€§èƒ½ç»Ÿè®¡ï¼š
      æ€»è€—æ—¶      è°ƒç”¨æ¬¡æ•°    å¹³å‡æ¯æ¬¡è€—æ—¶    å‡½æ•°ä¿¡æ¯  
 0    0.645        1        0.645     E:\Miniconda3\envs\async-env\lib\asyncio\base_events.py:613(run_until_complete)
 1    0.645        1        0.645     E:\Miniconda3\envs\async-env\lib\asyncio\windows_events.py:317(run_forever)
 2    0.645        1        0.645     E:\Miniconda3\envs\async-env\lib\asyncio\base_events.py:589(run_forever)
 3    0.645        28       0.023     E:\Miniconda3\envs\async-env\lib\asyncio\base_events.py:1832(_run_once)
 4    0.634        28       0.023     E:\Miniconda3\envs\async-env\lib\asyncio\windows_events.py:442(select)
 5    0.633        28       0.023     E:\Miniconda3\envs\async-env\lib\asyncio\windows_events.py:784(_poll)
 6    0.011       390       0.000     E:\Miniconda3\envs\async-env\lib\asyncio\events.py:78(_run)
 7    0.005        17       0.000     E:\Miniconda3\envs\async-env\lib\site-packages\loguru\_logger.py:1876(_log)
 8    0.005        6        0.001     D:\git-project\aioframework\core\engine.py:46(add_tasks)
 9    0.004        34       0.000     E:\Miniconda3\envs\async-env\lib\site-packages\loguru\_handler.py:118(emit)
 10   0.003       249       0.000     D:\git-project\aioframework\core\engine.py:66(do_tasks)
 11   0.002        11       0.000     D:\git-project\aioframework\core\engine.py:233(publish_tasks)
 12   0.002        50       0.000     E:\Miniconda3\envs\async-env\lib\site-packages\bloompy\__init__.py:424(add)
 13   0.002        10       0.000     E:\Miniconda3\envs\async-env\lib\site-packages\loguru\_logger.py:2008(debug)
 14   0.002        10       0.000     D:\git-project\aioframework\core\engine.py:241(process)
  ...

æ€»è°ƒç”¨æ¬¡æ•°ï¼š16559    æ€»è€—æ—¶ï¼š0.648s[0m
[32m2023-09-07 15:29:51.272[0m | [1mINFO    [0m | [36m__main__[0m:[36mrun[0m:[36m197[0m - [1m[Task start]>> ...[0m
[32m2023-09-07 15:29:51.276[0m | [32m[1mSUCCESS [0m | [36m__main__[0m:[36mprocess[0m:[36m242[0m - [32m[1mhttps://cn.element14.com/texas-instruments/ads7924irter/adc-octal-sar-12bit-100ksps-wqfn/dp/2782707RL?st=ads7924irter[0m
[32m2023-09-07 15:29:51.384[0m | [32m[1mSUCCESS [0m | [36m__main__[0m:[36mprocess[0m:[36m242[0m - [32m[1mhttps://cn.element14.com/phoenix-contact/3006043/terminal-block-din-rail-2pos/dp/3042960[0m
[32m2023-09-07 15:29:51.475[0m | [32m[1mSUCCESS [0m | [36m__main__[0m:[36mprocess[0m:[36m242[0m - [32m[1mhttps://cn.element14.com/power-integrations/lnk3604p/off-line-switcher-ic-flyback-dip/dp/2951378[0m
[32m2023-09-07 15:29:51.586[0m | [32m[1mSUCCESS [0m | [36m__main__[0m:[36mprocess[0m:[36m242[0m - [32m[1mhttps://cn.element14.com/stmicroelectronics/stth1602ct/diode-ultrafast-2x8a/dp/9935878[0m
[32m2023-09-07 15:29:51.679[0m | [32m[1mSUCCESS [0m | [36m__main__[0m:[36mprocess[0m:[36m242[0m - [32m[1mhttps://cn.element14.com/onsemi/es2d/diode-fast-2a-200v-smd-do-214/dp/1467491[0m
[32m2023-09-07 15:29:51.788[0m | [32m[1mSUCCESS [0m | [36m__main__[0m:[36mprocess[0m:[36m242[0m - [32m[1mhttps://cn.element14.com/texas-instruments/ads7924irter/adc-octal-sar-12bit-100ksps-wqfn/dp/2782707RL?st=ads7924irter[0m
[32m2023-09-07 15:29:51.896[0m | [32m[1mSUCCESS [0m | [36m__main__[0m:[36mprocess[0m:[36m242[0m - [32m[1mhttps://cn.element14.com/phoenix-contact/3006043/terminal-block-din-rail-2pos/dp/3042960[0m
[32m2023-09-07 15:29:51.991[0m | [32m[1mSUCCESS [0m | [36m__main__[0m:[36mprocess[0m:[36m242[0m - [32m[1mhttps://cn.element14.com/power-integrations/lnk3604p/off-line-switcher-ic-flyback-dip/dp/2951378[0m
[32m2023-09-07 15:29:52.102[0m | [32m[1mSUCCESS [0m | [36m__main__[0m:[36mprocess[0m:[36m242[0m - [32m[1mhttps://cn.element14.com/stmicroelectronics/stth1602ct/diode-ultrafast-2x8a/dp/9935878[0m
[32m2023-09-07 15:29:52.196[0m | [32m[1mSUCCESS [0m | [36m__main__[0m:[36mprocess[0m:[36m242[0m - [32m[1mhttps://cn.element14.com/onsemi/es2d/diode-fast-2a-200v-smd-do-214/dp/1467491[0m
[32m2023-09-07 15:29:52.306[0m | [32m[1mSUCCESS [0m | [36m__main__[0m:[36mprocess[0m:[36m242[0m - [32m[1mhttps://cn.element14.com/texas-instruments/ads7924irter/adc-octal-sar-12bit-100ksps-wqfn/dp/2782707RL?st=ads7924irter[0m
[32m2023-09-07 15:29:52.399[0m | [32m[1mSUCCESS [0m | [36m__main__[0m:[36mprocess[0m:[36m242[0m - [32m[1mhttps://cn.element14.com/phoenix-contact/3006043/terminal-block-din-rail-2pos/dp/3042960[0m
[32m2023-09-07 15:29:52.510[0m | [32m[1mSUCCESS [0m | [36m__main__[0m:[36mprocess[0m:[36m242[0m - [32m[1mhttps://cn.element14.com/power-integrations/lnk3604p/off-line-switcher-ic-flyback-dip/dp/2951378[0m
[32m2023-09-07 15:29:52.604[0m | [32m[1mSUCCESS [0m | [36m__main__[0m:[36mprocess[0m:[36m242[0m - [32m[1mhttps://cn.element14.com/stmicroelectronics/stth1602ct/diode-ultrafast-2x8a/dp/9935878[0m
[32m2023-09-07 15:29:52.715[0m | [32m[1mSUCCESS [0m | [36m__main__[0m:[36mprocess[0m:[36m242[0m - [32m[1mhttps://cn.element14.com/onsemi/es2d/diode-fast-2a-200v-smd-do-214/dp/1467491[0m
[32m2023-09-07 15:29:52.808[0m | [32m[1mSUCCESS [0m | [36m__main__[0m:[36mprocess[0m:[36m242[0m - [32m[1mhttps://cn.element14.com/texas-instruments/ads7924irter/adc-octal-sar-12bit-100ksps-wqfn/dp/2782707RL?st=ads7924irter[0m
[32m2023-09-07 15:29:52.917[0m | [32m[1mSUCCESS [0m | [36m__main__[0m:[36mprocess[0m:[36m242[0m - [32m[1mhttps://cn.element14.com/phoenix-contact/3006043/terminal-block-din-rail-2pos/dp/3042960[0m
[32m2023-09-07 15:29:53.012[0m | [32m[1mSUCCESS [0m | [36m__main__[0m:[36mprocess[0m:[36m242[0m - [32m[1mhttps://cn.element14.com/power-integrations/lnk3604p/off-line-switcher-ic-flyback-dip/dp/2951378[0m
[32m2023-09-07 15:29:53.122[0m | [32m[1mSUCCESS [0m | [36m__main__[0m:[36mprocess[0m:[36m242[0m - [32m[1mhttps://cn.element14.com/stmicroelectronics/stth1602ct/diode-ultrafast-2x8a/dp/9935878[0m
[32m2023-09-07 15:29:53.202[0m | [32m[1mSUCCESS [0m | [36m__main__[0m:[36mprocess[0m:[36m242[0m - [32m[1mhttps://cn.element14.com/onsemi/es2d/diode-fast-2a-200v-smd-do-214/dp/1467491[0m
[32m2023-09-07 15:29:53.310[0m | [32m[1mSUCCESS [0m | [36m__main__[0m:[36mprocess[0m:[36m242[0m - [32m[1mhttps://cn.element14.com/texas-instruments/ads7924irter/adc-octal-sar-12bit-100ksps-wqfn/dp/2782707RL?st=ads7924irter[0m
[32m2023-09-07 15:29:53.406[0m | [32m[1mSUCCESS [0m | [36m__main__[0m:[36mprocess[0m:[36m242[0m - [32m[1mhttps://cn.element14.com/phoenix-contact/3006043/terminal-block-din-rail-2pos/dp/3042960[0m
[32m2023-09-07 15:29:53.500[0m | [32m[1mSUCCESS [0m | [36m__main__[0m:[36mprocess[0m:[36m242[0m - [32m[1mhttps://cn.element14.com/power-integrations/lnk3604p/off-line-switcher-ic-flyback-dip/dp/2951378[0m
[32m2023-09-07 15:29:53.610[0m | [32m[1mSUCCESS [0m | [36m__main__[0m:[36mprocess[0m:[36m242[0m - [32m[1mhttps://cn.element14.com/stmicroelectronics/stth1602ct/diode-ultrafast-2x8a/dp/9935878[0m
[32m2023-09-07 15:29:53.705[0m | [32m[1mSUCCESS [0m | [36m__main__[0m:[36mprocess[0m:[36m242[0m - [32m[1mhttps://cn.element14.com/onsemi/es2d/diode-fast-2a-200v-smd-do-214/dp/1467491[0m
[32m2023-09-07 15:29:53.817[0m | [32m[1mSUCCESS [0m | [36m__main__[0m:[36mprocess[0m:[36m242[0m - [32m[1mhttps://cn.element14.com/texas-instruments/ads7924irter/adc-octal-sar-12bit-100ksps-wqfn/dp/2782707RL?st=ads7924irter[0m
[32m2023-09-07 15:29:53.910[0m | [32m[1mSUCCESS [0m | [36m__main__[0m:[36mprocess[0m:[36m242[0m - [32m[1mhttps://cn.element14.com/phoenix-contact/3006043/terminal-block-din-rail-2pos/dp/3042960[0m
